[debug] [2020-11-29T06:03:10.949Z] ----------------------------------------------------------------------
[debug] [2020-11-29T06:03:10.952Z] Command:       C:\Program Files\nodejs\node.exe C:\Users\User\AppData\Roaming\npm\node_modules\firebase-tools\lib\bin\firebase.js emulators:start --only functions
[debug] [2020-11-29T06:03:10.952Z] CLI Version:   8.16.1
[debug] [2020-11-29T06:03:10.952Z] Platform:      win32
[debug] [2020-11-29T06:03:10.952Z] Node Version:  v12.13.0
[debug] [2020-11-29T06:03:10.960Z] Time:          Sun Nov 29 2020 13:03:10 GMT+0700 (Indochina Time)
[debug] [2020-11-29T06:03:10.960Z] ----------------------------------------------------------------------
[debug] [2020-11-29T06:03:10.960Z] 
[debug] [2020-11-29T06:03:10.963Z] >>> [apiv2][query] GET https://firebase-public.firebaseio.com/cli.json [none]
[debug] [2020-11-29T06:03:10.995Z] > command requires scopes: ["email","openid","https://www.googleapis.com/auth/cloudplatformprojects.readonly","https://www.googleapis.com/auth/firebase","https://www.googleapis.com/auth/cloud-platform"]
[debug] [2020-11-29T06:03:10.996Z] > authorizing via signed-in user
[info] i  emulators: Starting emulators: functions {"metadata":{"emulator":{"name":"hub"},"message":"Starting emulators: functions"}}
[debug] [2020-11-29T06:03:11.774Z] <<< [apiv2][status] GET https://firebase-public.firebaseio.com/cli.json 200
[debug] [2020-11-29T06:03:11.775Z] <<< [apiv2][body] GET https://firebase-public.firebaseio.com/cli.json {"cloudBuildErrorAfter":1594252800000,"cloudBuildWarnAfter":1590019200000,"defaultNode10After":1594252800000,"minVersion":"3.0.5","node8DeploysDisabledAfter":1613390400000,"node8RuntimeDisabledAfter":1615809600000,"node8WarnAfter":1600128000000}
[debug] [2020-11-29T06:03:13.054Z] [hub] writing locator at C:\Users\User\AppData\Local\Temp\hub-realtime-demo-chart.json
[warn] !  functions: The following emulators are not running, calls to these services from the Functions emulator will affect production: auth, firestore, database, hosting, pubsub {"metadata":{"emulator":{"name":"functions"},"message":"The following emulators are not running, calls to these services from the Functions emulator will affect production: \u001b[1mauth, firestore, database, hosting, pubsub\u001b[22m"}}
[info] +  functions: Using node@12 from host. {"metadata":{"emulator":{"name":"functions"},"message":"Using node@12 from host."}}
[debug] [2020-11-29T06:03:15.107Z] defaultcredentials: writing to file C:\Users\User\AppData\Roaming\firebase\leebao101_gmail_com_application_default_credentials.json
[debug] [2020-11-29T06:03:15.111Z] Setting GAC to C:\Users\User\AppData\Roaming\firebase\leebao101_gmail_com_application_default_credentials.json {"metadata":{"emulator":{"name":"functions"},"message":"Setting GAC to C:\\Users\\User\\AppData\\Roaming\\firebase\\leebao101_gmail_com_application_default_credentials.json"}}
[debug] [2020-11-29T06:03:19.204Z] Ignoring unsupported arg: auto_download {"metadata":{"emulator":{"name":"ui"},"message":"Ignoring unsupported arg: auto_download"}}
[debug] [2020-11-29T06:03:19.204Z] Ignoring unsupported arg: port {"metadata":{"emulator":{"name":"ui"},"message":"Ignoring unsupported arg: port"}}
[debug] [2020-11-29T06:03:19.205Z] Starting Emulator UI with command {"binary":"node","args":["C:\\Users\\User\\.cache\\firebase\\emulators\\ui-v1.2.2\\server.bundle.js"],"optionalArgs":[],"joinArgs":false} {"metadata":{"emulator":{"name":"ui"},"message":"Starting Emulator UI with command {\"binary\":\"node\",\"args\":[\"C:\\\\Users\\\\User\\\\.cache\\\\firebase\\\\emulators\\\\ui-v1.2.2\\\\server.bundle.js\"],\"optionalArgs\":[],\"joinArgs\":false}"}}
[info] i  ui: Emulator UI logging to ui-debug.log {"metadata":{"emulator":{"name":"ui"},"message":"Emulator UI logging to \u001b[1mui-debug.log\u001b[22m"}}
[debug] [2020-11-29T06:03:19.393Z] Web / API server started at http://localhost:4000
 {"metadata":{"emulator":{"name":"ui"},"message":"Web / API server started at http://localhost:4000\n"}}
[info] i  functions: Watching "D:\private\Dev\bao\realtime\functions" for Cloud Functions... {"metadata":{"emulator":{"name":"functions"},"message":"Watching \"D:\\private\\Dev\\bao\\realtime\\functions\" for Cloud Functions..."}}
[debug] [2020-11-29T06:03:19.766Z] [worker-pool] addWorker(~diagnostic~) {"metadata":{"emulator":{"name":"functions"},"message":"[worker-pool] addWorker(~diagnostic~)"}}
[debug] [2020-11-29T06:03:19.766Z] [worker-pool] Adding worker with key ~diagnostic~, total=1 {"metadata":{"emulator":{"name":"functions"},"message":"[worker-pool] Adding worker with key ~diagnostic~, total=1"}}
[debug] [2020-11-29T06:03:19.767Z] [worker-pool] submitWork(triggerId=) {"metadata":{"emulator":{"name":"functions"},"message":"[worker-pool] submitWork(triggerId=)"}}
[debug] [2020-11-29T06:03:19.767Z] [worker-~diagnostic~-f8fc92f4-a81e-4d0c-a403-8e90206cbb64]: Assigning socketPath: \\?\pipe\D:\private\Dev\bao\realtime\functions\18040 {"metadata":{"emulator":{"name":"functions"},"message":"[worker-~diagnostic~-f8fc92f4-a81e-4d0c-a403-8e90206cbb64]: Assigning socketPath: \\\\?\\pipe\\D:\\private\\Dev\\bao\\realtime\\functions\\18040"}}
[debug] [2020-11-29T06:03:19.768Z] [worker-~diagnostic~-f8fc92f4-a81e-4d0c-a403-8e90206cbb64]: BUSY {"metadata":{"emulator":{"name":"functions"},"message":"[worker-~diagnostic~-f8fc92f4-a81e-4d0c-a403-8e90206cbb64]: BUSY"}}
[debug] [2020-11-29T06:03:20.472Z] [runtime-status] [18040] Functions runtime initialized. {"cwd":"D:\\private\\Dev\\bao\\realtime\\functions","node_version":"12.13.0"} {"metadata":{"emulator":{"name":"functions"},"message":"[runtime-status] [18040] Functions runtime initialized. {\"cwd\":\"D:\\\\private\\\\Dev\\\\bao\\\\realtime\\\\functions\",\"node_version\":\"12.13.0\"}"}}
[debug] [2020-11-29T06:03:20.472Z] [runtime-status] [18040] Disabled runtime features: undefined {"metadata":{"emulator":{"name":"functions"},"message":"[runtime-status] [18040] Disabled runtime features: undefined"}}
[debug] [2020-11-29T06:03:20.475Z] [runtime-status] [18040] Resolved module firebase-admin {"declared":true,"installed":true,"version":"9.4.1","resolution":"D:\\private\\Dev\\bao\\realtime\\functions\\node_modules\\firebase-admin\\lib\\index.js"} {"metadata":{"emulator":{"name":"functions"},"message":"[runtime-status] [18040] Resolved module firebase-admin {\"declared\":true,\"installed\":true,\"version\":\"9.4.1\",\"resolution\":\"D:\\\\private\\\\Dev\\\\bao\\\\realtime\\\\functions\\\\node_modules\\\\firebase-admin\\\\lib\\\\index.js\"}"}}
[debug] [2020-11-29T06:03:20.477Z] [runtime-status] [18040] Resolved module firebase-functions {"declared":true,"installed":true,"version":"3.11.0","resolution":"D:\\private\\Dev\\bao\\realtime\\functions\\node_modules\\firebase-functions\\lib\\index.js"} {"metadata":{"emulator":{"name":"functions"},"message":"[runtime-status] [18040] Resolved module firebase-functions {\"declared\":true,\"installed\":true,\"version\":\"3.11.0\",\"resolution\":\"D:\\\\private\\\\Dev\\\\bao\\\\realtime\\\\functions\\\\node_modules\\\\firebase-functions\\\\lib\\\\index.js\"}"}}
[debug] [2020-11-29T06:03:20.478Z] [runtime-status] [18040] Resolved module firebase-functions {"declared":true,"installed":true,"version":"3.11.0","resolution":"D:\\private\\Dev\\bao\\realtime\\functions\\node_modules\\firebase-functions\\lib\\index.js"} {"metadata":{"emulator":{"name":"functions"},"message":"[runtime-status] [18040] Resolved module firebase-functions {\"declared\":true,\"installed\":true,\"version\":\"3.11.0\",\"resolution\":\"D:\\\\private\\\\Dev\\\\bao\\\\realtime\\\\functions\\\\node_modules\\\\firebase-functions\\\\lib\\\\index.js\"}"}}
[debug] [2020-11-29T06:03:20.482Z] [runtime-status] [18040] Outgoing network have been stubbed. [{"name":"http","status":"mocked"},{"name":"http","status":"mocked"},{"name":"https","status":"mocked"},{"name":"https","status":"mocked"},{"name":"net","status":"mocked"}] {"metadata":{"emulator":{"name":"functions"},"message":"[runtime-status] [18040] Outgoing network have been stubbed. [{\"name\":\"http\",\"status\":\"mocked\"},{\"name\":\"http\",\"status\":\"mocked\"},{\"name\":\"https\",\"status\":\"mocked\"},{\"name\":\"https\",\"status\":\"mocked\"},{\"name\":\"net\",\"status\":\"mocked\"}]"}}
[debug] [2020-11-29T06:03:20.485Z] [runtime-status] [18040] Resolved module firebase-functions {"declared":true,"installed":true,"version":"3.11.0","resolution":"D:\\private\\Dev\\bao\\realtime\\functions\\node_modules\\firebase-functions\\lib\\index.js"} {"metadata":{"emulator":{"name":"functions"},"message":"[runtime-status] [18040] Resolved module firebase-functions {\"declared\":true,\"installed\":true,\"version\":\"3.11.0\",\"resolution\":\"D:\\\\private\\\\Dev\\\\bao\\\\realtime\\\\functions\\\\node_modules\\\\firebase-functions\\\\lib\\\\index.js\"}"}}
[debug] [2020-11-29T06:03:20.576Z] [runtime-status] [18040] Checked functions.config() {"config":{}} {"metadata":{"emulator":{"name":"functions"},"message":"[runtime-status] [18040] Checked functions.config() {\"config\":{}}"}}
[debug] [2020-11-29T06:03:20.576Z] [runtime-status] [18040] firebase-functions has been stubbed. {"functionsResolution":{"declared":true,"installed":true,"version":"3.11.0","resolution":"D:\\private\\Dev\\bao\\realtime\\functions\\node_modules\\firebase-functions\\lib\\index.js"}} {"metadata":{"emulator":{"name":"functions"},"message":"[runtime-status] [18040] firebase-functions has been stubbed. {\"functionsResolution\":{\"declared\":true,\"installed\":true,\"version\":\"3.11.0\",\"resolution\":\"D:\\\\private\\\\Dev\\\\bao\\\\realtime\\\\functions\\\\node_modules\\\\firebase-functions\\\\lib\\\\index.js\"}}"}}
[debug] [2020-11-29T06:03:20.577Z] [runtime-status] [18040] Resolved module firebase-functions {"declared":true,"installed":true,"version":"3.11.0","resolution":"D:\\private\\Dev\\bao\\realtime\\functions\\node_modules\\firebase-functions\\lib\\index.js"} {"metadata":{"emulator":{"name":"functions"},"message":"[runtime-status] [18040] Resolved module firebase-functions {\"declared\":true,\"installed\":true,\"version\":\"3.11.0\",\"resolution\":\"D:\\\\private\\\\Dev\\\\bao\\\\realtime\\\\functions\\\\node_modules\\\\firebase-functions\\\\lib\\\\index.js\"}"}}
[debug] [2020-11-29T06:03:20.578Z] [runtime-status] [18040] Resolved module firebase-admin {"declared":true,"installed":true,"version":"9.4.1","resolution":"D:\\private\\Dev\\bao\\realtime\\functions\\node_modules\\firebase-admin\\lib\\index.js"} {"metadata":{"emulator":{"name":"functions"},"message":"[runtime-status] [18040] Resolved module firebase-admin {\"declared\":true,\"installed\":true,\"version\":\"9.4.1\",\"resolution\":\"D:\\\\private\\\\Dev\\\\bao\\\\realtime\\\\functions\\\\node_modules\\\\firebase-admin\\\\lib\\\\index.js\"}"}}
[debug] [2020-11-29T06:03:20.578Z] [runtime-status] [18040] Resolved module firebase-functions {"declared":true,"installed":true,"version":"3.11.0","resolution":"D:\\private\\Dev\\bao\\realtime\\functions\\node_modules\\firebase-functions\\lib\\index.js"} {"metadata":{"emulator":{"name":"functions"},"message":"[runtime-status] [18040] Resolved module firebase-functions {\"declared\":true,\"installed\":true,\"version\":\"3.11.0\",\"resolution\":\"D:\\\\private\\\\Dev\\\\bao\\\\realtime\\\\functions\\\\node_modules\\\\firebase-functions\\\\lib\\\\index.js\"}"}}
[debug] [2020-11-29T06:03:20.579Z] [runtime-status] [18040] firebase-admin has been stubbed. {"adminResolution":{"declared":true,"installed":true,"version":"9.4.1","resolution":"D:\\private\\Dev\\bao\\realtime\\functions\\node_modules\\firebase-admin\\lib\\index.js"}} {"metadata":{"emulator":{"name":"functions"},"message":"[runtime-status] [18040] firebase-admin has been stubbed. {\"adminResolution\":{\"declared\":true,\"installed\":true,\"version\":\"9.4.1\",\"resolution\":\"D:\\\\private\\\\Dev\\\\bao\\\\realtime\\\\functions\\\\node_modules\\\\firebase-admin\\\\lib\\\\index.js\"}}"}}
[debug] [2020-11-29T06:03:20.839Z] [runtime-status] [18040] initializeApp(DEFAULT) {"databaseURL":"https://realtime-demo-chart.firebaseio.com","storageBucket":"realtime-demo-chart.appspot.com","projectId":"realtime-demo-chart"} {"metadata":{"emulator":{"name":"functions"},"message":"[runtime-status] [18040] initializeApp(DEFAULT) {\"databaseURL\":\"https://realtime-demo-chart.firebaseio.com\",\"storageBucket\":\"realtime-demo-chart.appspot.com\",\"projectId\":\"realtime-demo-chart\"}"}}
[warn] !  functions: The Cloud Firestore emulator is not running, so calls to Firestore will affect production. {"metadata":{"emulator":{"name":"functions"},"message":"The Cloud Firestore emulator is not running, so calls to Firestore will affect production."}}
[info] +  functions[api]: http function initialized (http://localhost:5001/realtime-demo-chart/us-central1/api). {"metadata":{"emulator":{"name":"functions"},"message":"\u001b[1mhttp\u001b[22m function initialized (http://localhost:5001/realtime-demo-chart/us-central1/api)."}}
[info] 
┌───────────────────────────────────────────────────────────────────────┐
│ ✔  All emulators ready! View status and logs at http://localhost:4000 │
└───────────────────────────────────────────────────────────────────────┘

┌───────────┬────────────────┬─────────────────────────────────┐
│ Emulator  │ Host:Port      │ View in Emulator UI             │
├───────────┼────────────────┼─────────────────────────────────┤
│ Functions │ localhost:5001 │ http://localhost:4000/functions │
└───────────┴────────────────┴─────────────────────────────────┘
  Other reserved ports: 4400, 4500

Issues? Report them at https://github.com/firebase/firebase-tools/issues and attach the *-debug.log files.
 
[debug] [2020-11-29T06:03:21.682Z] [worker-~diagnostic~-f8fc92f4-a81e-4d0c-a403-8e90206cbb64]: IDLE {"metadata":{"emulator":{"name":"functions"},"message":"[worker-~diagnostic~-f8fc92f4-a81e-4d0c-a403-8e90206cbb64]: IDLE"}}
[debug] [2020-11-29T06:04:19.136Z] [work-queue] {"queueLength":1,"workRunningCount":0}
[debug] [2020-11-29T06:04:19.136Z] [work-queue] {"queueLength":0,"workRunningCount":1}
[debug] [2020-11-29T06:04:19.137Z] Accepted request POST /realtime-demo-chart/us-central1/api/createroom --> api
[debug] [2020-11-29T06:04:19.143Z] [worker-pool] addWorker(api) {"metadata":{"emulator":{"name":"functions"},"message":"[worker-pool] addWorker(api)"}}
[debug] [2020-11-29T06:04:19.144Z] [worker-pool] Adding worker with key api, total=1 {"metadata":{"emulator":{"name":"functions"},"message":"[worker-pool] Adding worker with key api, total=1"}}
[debug] [2020-11-29T06:04:19.144Z] [worker-pool] submitWork(triggerId=api) {"metadata":{"emulator":{"name":"functions"},"message":"[worker-pool] submitWork(triggerId=api)"}}
[debug] [2020-11-29T06:04:19.144Z] [worker-api-30f4ef4e-a1cb-44b8-a19b-3e5865ed4567]: Assigning socketPath: \\?\pipe\D:\private\Dev\bao\realtime\functions\16896 {"metadata":{"emulator":{"name":"functions"},"message":"[worker-api-30f4ef4e-a1cb-44b8-a19b-3e5865ed4567]: Assigning socketPath: \\\\?\\pipe\\D:\\private\\Dev\\bao\\realtime\\functions\\16896"}}
[debug] [2020-11-29T06:04:19.144Z] [worker-api-30f4ef4e-a1cb-44b8-a19b-3e5865ed4567]: BUSY {"metadata":{"emulator":{"name":"functions"},"message":"[worker-api-30f4ef4e-a1cb-44b8-a19b-3e5865ed4567]: BUSY"}}
[debug] [2020-11-29T06:04:19.510Z] [runtime-status] [16896] Functions runtime initialized. {"cwd":"D:\\private\\Dev\\bao\\realtime\\functions","node_version":"12.13.0"} {"metadata":{"emulator":{"name":"functions"},"function":{"name":"api"},"message":"[runtime-status] [16896] Functions runtime initialized. {\"cwd\":\"D:\\\\private\\\\Dev\\\\bao\\\\realtime\\\\functions\",\"node_version\":\"12.13.0\"}"}}
[debug] [2020-11-29T06:04:19.511Z] [runtime-status] [16896] Disabled runtime features: undefined {"metadata":{"emulator":{"name":"functions"},"function":{"name":"api"},"message":"[runtime-status] [16896] Disabled runtime features: undefined"}}
[debug] [2020-11-29T06:04:19.513Z] [runtime-status] [16896] Resolved module firebase-admin {"declared":true,"installed":true,"version":"9.4.1","resolution":"D:\\private\\Dev\\bao\\realtime\\functions\\node_modules\\firebase-admin\\lib\\index.js"} {"metadata":{"emulator":{"name":"functions"},"function":{"name":"api"},"message":"[runtime-status] [16896] Resolved module firebase-admin {\"declared\":true,\"installed\":true,\"version\":\"9.4.1\",\"resolution\":\"D:\\\\private\\\\Dev\\\\bao\\\\realtime\\\\functions\\\\node_modules\\\\firebase-admin\\\\lib\\\\index.js\"}"}}
[debug] [2020-11-29T06:04:19.514Z] [runtime-status] [16896] Resolved module firebase-functions {"declared":true,"installed":true,"version":"3.11.0","resolution":"D:\\private\\Dev\\bao\\realtime\\functions\\node_modules\\firebase-functions\\lib\\index.js"} {"metadata":{"emulator":{"name":"functions"},"function":{"name":"api"},"message":"[runtime-status] [16896] Resolved module firebase-functions {\"declared\":true,\"installed\":true,\"version\":\"3.11.0\",\"resolution\":\"D:\\\\private\\\\Dev\\\\bao\\\\realtime\\\\functions\\\\node_modules\\\\firebase-functions\\\\lib\\\\index.js\"}"}}
[debug] [2020-11-29T06:04:19.515Z] [runtime-status] [16896] Resolved module firebase-functions {"declared":true,"installed":true,"version":"3.11.0","resolution":"D:\\private\\Dev\\bao\\realtime\\functions\\node_modules\\firebase-functions\\lib\\index.js"} {"metadata":{"emulator":{"name":"functions"},"function":{"name":"api"},"message":"[runtime-status] [16896] Resolved module firebase-functions {\"declared\":true,\"installed\":true,\"version\":\"3.11.0\",\"resolution\":\"D:\\\\private\\\\Dev\\\\bao\\\\realtime\\\\functions\\\\node_modules\\\\firebase-functions\\\\lib\\\\index.js\"}"}}
[debug] [2020-11-29T06:04:19.517Z] [runtime-status] [16896] Outgoing network have been stubbed. [{"name":"http","status":"mocked"},{"name":"http","status":"mocked"},{"name":"https","status":"mocked"},{"name":"https","status":"mocked"},{"name":"net","status":"mocked"}] {"metadata":{"emulator":{"name":"functions"},"function":{"name":"api"},"message":"[runtime-status] [16896] Outgoing network have been stubbed. [{\"name\":\"http\",\"status\":\"mocked\"},{\"name\":\"http\",\"status\":\"mocked\"},{\"name\":\"https\",\"status\":\"mocked\"},{\"name\":\"https\",\"status\":\"mocked\"},{\"name\":\"net\",\"status\":\"mocked\"}]"}}
[debug] [2020-11-29T06:04:19.518Z] [runtime-status] [16896] Resolved module firebase-functions {"declared":true,"installed":true,"version":"3.11.0","resolution":"D:\\private\\Dev\\bao\\realtime\\functions\\node_modules\\firebase-functions\\lib\\index.js"} {"metadata":{"emulator":{"name":"functions"},"function":{"name":"api"},"message":"[runtime-status] [16896] Resolved module firebase-functions {\"declared\":true,\"installed\":true,\"version\":\"3.11.0\",\"resolution\":\"D:\\\\private\\\\Dev\\\\bao\\\\realtime\\\\functions\\\\node_modules\\\\firebase-functions\\\\lib\\\\index.js\"}"}}
[debug] [2020-11-29T06:04:19.553Z] [runtime-status] [16896] Checked functions.config() {"config":{}} {"metadata":{"emulator":{"name":"functions"},"function":{"name":"api"},"message":"[runtime-status] [16896] Checked functions.config() {\"config\":{}}"}}
[debug] [2020-11-29T06:04:19.553Z] [runtime-status] [16896] firebase-functions has been stubbed. {"functionsResolution":{"declared":true,"installed":true,"version":"3.11.0","resolution":"D:\\private\\Dev\\bao\\realtime\\functions\\node_modules\\firebase-functions\\lib\\index.js"}} {"metadata":{"emulator":{"name":"functions"},"function":{"name":"api"},"message":"[runtime-status] [16896] firebase-functions has been stubbed. {\"functionsResolution\":{\"declared\":true,\"installed\":true,\"version\":\"3.11.0\",\"resolution\":\"D:\\\\private\\\\Dev\\\\bao\\\\realtime\\\\functions\\\\node_modules\\\\firebase-functions\\\\lib\\\\index.js\"}}"}}
[debug] [2020-11-29T06:04:19.554Z] [runtime-status] [16896] Resolved module firebase-functions {"declared":true,"installed":true,"version":"3.11.0","resolution":"D:\\private\\Dev\\bao\\realtime\\functions\\node_modules\\firebase-functions\\lib\\index.js"} {"metadata":{"emulator":{"name":"functions"},"function":{"name":"api"},"message":"[runtime-status] [16896] Resolved module firebase-functions {\"declared\":true,\"installed\":true,\"version\":\"3.11.0\",\"resolution\":\"D:\\\\private\\\\Dev\\\\bao\\\\realtime\\\\functions\\\\node_modules\\\\firebase-functions\\\\lib\\\\index.js\"}"}}
[debug] [2020-11-29T06:04:19.555Z] [runtime-status] [16896] Resolved module firebase-admin {"declared":true,"installed":true,"version":"9.4.1","resolution":"D:\\private\\Dev\\bao\\realtime\\functions\\node_modules\\firebase-admin\\lib\\index.js"} {"metadata":{"emulator":{"name":"functions"},"function":{"name":"api"},"message":"[runtime-status] [16896] Resolved module firebase-admin {\"declared\":true,\"installed\":true,\"version\":\"9.4.1\",\"resolution\":\"D:\\\\private\\\\Dev\\\\bao\\\\realtime\\\\functions\\\\node_modules\\\\firebase-admin\\\\lib\\\\index.js\"}"}}
[debug] [2020-11-29T06:04:19.555Z] [runtime-status] [16896] Resolved module firebase-functions {"declared":true,"installed":true,"version":"3.11.0","resolution":"D:\\private\\Dev\\bao\\realtime\\functions\\node_modules\\firebase-functions\\lib\\index.js"} {"metadata":{"emulator":{"name":"functions"},"function":{"name":"api"},"message":"[runtime-status] [16896] Resolved module firebase-functions {\"declared\":true,\"installed\":true,\"version\":\"3.11.0\",\"resolution\":\"D:\\\\private\\\\Dev\\\\bao\\\\realtime\\\\functions\\\\node_modules\\\\firebase-functions\\\\lib\\\\index.js\"}"}}
[debug] [2020-11-29T06:04:19.555Z] [runtime-status] [16896] firebase-admin has been stubbed. {"adminResolution":{"declared":true,"installed":true,"version":"9.4.1","resolution":"D:\\private\\Dev\\bao\\realtime\\functions\\node_modules\\firebase-admin\\lib\\index.js"}} {"metadata":{"emulator":{"name":"functions"},"function":{"name":"api"},"message":"[runtime-status] [16896] firebase-admin has been stubbed. {\"adminResolution\":{\"declared\":true,\"installed\":true,\"version\":\"9.4.1\",\"resolution\":\"D:\\\\private\\\\Dev\\\\bao\\\\realtime\\\\functions\\\\node_modules\\\\firebase-admin\\\\lib\\\\index.js\"}}"}}
[debug] [2020-11-29T06:04:19.642Z] [runtime-status] [16896] initializeApp(DEFAULT) {"databaseURL":"https://realtime-demo-chart.firebaseio.com","storageBucket":"realtime-demo-chart.appspot.com","projectId":"realtime-demo-chart"} {"metadata":{"emulator":{"name":"functions"},"function":{"name":"api"},"message":"[runtime-status] [16896] initializeApp(DEFAULT) {\"databaseURL\":\"https://realtime-demo-chart.firebaseio.com\",\"storageBucket\":\"realtime-demo-chart.appspot.com\",\"projectId\":\"realtime-demo-chart\"}"}}
[debug] [2020-11-29T06:04:19.846Z] [runtime-status] [16896] Trigger "api" has been found, beginning invocation! {"metadata":{"emulator":{"name":"functions"},"function":{"name":"api"},"message":"[runtime-status] [16896] Trigger \"api\" has been found, beginning invocation!"}}
[info] i  functions: Beginning execution of "api" {"metadata":{"emulator":{"name":"functions"},"function":{"name":"api"},"message":"Beginning execution of \"api\""}}
[debug] [2020-11-29T06:04:19.848Z] [runtime-status] [16896] triggerDefinition {"httpsTrigger":{},"name":"api","entryPoint":"api"} {"metadata":{"emulator":{"name":"functions"},"function":{"name":"api"},"message":"[runtime-status] [16896] triggerDefinition {\"httpsTrigger\":{},\"name\":\"api\",\"entryPoint\":\"api\"}"}}
[debug] [2020-11-29T06:04:19.848Z] [runtime-status] [16896] Running api in mode HTTPS {"metadata":{"emulator":{"name":"functions"},"function":{"name":"api"},"message":"[runtime-status] [16896] Running api in mode HTTPS"}}
[debug] [2020-11-29T06:04:19.851Z] [runtime-status] [16896] Attempting to listen to socketPath: \\?\pipe\D:\private\Dev\bao\realtime\functions\16896 {"metadata":{"emulator":{"name":"functions"},"function":{"name":"api"},"message":"[runtime-status] [16896] Attempting to listen to socketPath: \\\\?\\pipe\\D:\\private\\Dev\\bao\\realtime\\functions\\16896"}}
[debug] [2020-11-29T06:04:19.853Z] [functions] Runtime ready! Sending request! {"metadata":{"emulator":{"name":"functions"},"message":"[functions] Runtime ready! Sending request!"}}
[debug] [2020-11-29T06:04:19.896Z] [runtime-status] [16896] Ephemeral server handling POST request {"metadata":{"emulator":{"name":"functions"},"function":{"name":"api"},"message":"[runtime-status] [16896] Ephemeral server handling POST request"}}
[debug] [2020-11-29T06:04:19.997Z] [runtime-status] [16896] Ephemeral server survived. {"metadata":{"emulator":{"name":"functions"},"function":{"name":"api"},"message":"[runtime-status] [16896] Ephemeral server survived."}}
[warn] !  Google API requested!
   - URL: "https://oauth2.googleapis.com/token"
   - Be careful, this may be a production service. {"metadata":{"emulator":{"name":"functions"},"function":{"name":"api"},"message":"Google API requested!\n   - URL: \"https://oauth2.googleapis.com/token\"\n   - Be careful, this may be a production service."}}
[info] >  Sun, 29 Nov 2020 06:04:20 GMT express deprecated res.send(status): Use res.sendStatus(status) instead at index.js:35:7 {"user":"Sun, 29 Nov 2020 06:04:20 GMT express deprecated res.send(status): Use res.sendStatus(status) instead at index.js:35:7","metadata":{"emulator":{"name":"functions"},"function":{"name":"api"},"message":"\u001b[90m> \u001b[39m Sun, 29 Nov 2020 06:04:20 GMT express deprecated res.send(status): Use res.sendStatus(status) instead at index.js:35:7"}}
[info] >  (node:16896) UnhandledPromiseRejectionWarning: Error [ERR_HTTP_HEADERS_SENT]: Cannot set headers after they are sent to the client {"user":"(node:16896) UnhandledPromiseRejectionWarning: Error [ERR_HTTP_HEADERS_SENT]: Cannot set headers after they are sent to the client","metadata":{"emulator":{"name":"functions"},"function":{"name":"api"},"message":"\u001b[90m> \u001b[39m (node:16896) UnhandledPromiseRejectionWarning: Error [ERR_HTTP_HEADERS_SENT]: Cannot set headers after they are sent to the client"}}
[info] >      at ServerResponse.setHeader (_http_outgoing.js:485:11) {"user":"    at ServerResponse.setHeader (_http_outgoing.js:485:11)","metadata":{"emulator":{"name":"functions"},"function":{"name":"api"},"message":"\u001b[90m> \u001b[39m     at ServerResponse.setHeader (_http_outgoing.js:485:11)"}}
[info] >      at ServerResponse.header (D:\private\Dev\bao\realtime\functions\node_modules\express\lib\response.js:771:10) {"user":"    at ServerResponse.header (D:\\private\\Dev\\bao\\realtime\\functions\\node_modules\\express\\lib\\response.js:771:10)","metadata":{"emulator":{"name":"functions"},"function":{"name":"api"},"message":"\u001b[90m> \u001b[39m     at ServerResponse.header (D:\\private\\Dev\\bao\\realtime\\functions\\node_modules\\express\\lib\\response.js:771:10)"}}
[info] >      at ServerResponse.send (D:\private\Dev\bao\realtime\functions\node_modules\express\lib\response.js:170:12) {"user":"    at ServerResponse.send (D:\\private\\Dev\\bao\\realtime\\functions\\node_modules\\express\\lib\\response.js:170:12)","metadata":{"emulator":{"name":"functions"},"function":{"name":"api"},"message":"\u001b[90m> \u001b[39m     at ServerResponse.send (D:\\private\\Dev\\bao\\realtime\\functions\\node_modules\\express\\lib\\response.js:170:12)"}}
[info] >      at ServerResponse.json (D:\private\Dev\bao\realtime\functions\node_modules\express\lib\response.js:267:15) {"user":"    at ServerResponse.json (D:\\private\\Dev\\bao\\realtime\\functions\\node_modules\\express\\lib\\response.js:267:15)","metadata":{"emulator":{"name":"functions"},"function":{"name":"api"},"message":"\u001b[90m> \u001b[39m     at ServerResponse.json (D:\\private\\Dev\\bao\\realtime\\functions\\node_modules\\express\\lib\\response.js:267:15)"}}
[info] >      at D:\private\Dev\bao\realtime\functions\index.js:35:17 {"user":"    at D:\\private\\Dev\\bao\\realtime\\functions\\index.js:35:17","metadata":{"emulator":{"name":"functions"},"function":{"name":"api"},"message":"\u001b[90m> \u001b[39m     at D:\\private\\Dev\\bao\\realtime\\functions\\index.js:35:17"}}
[info] >  (node:16896) UnhandledPromiseRejectionWarning: Unhandled promise rejection. This error originated either by throwing inside of an async function without a catch block, or by rejecting a promise which was not handled with .catch(). (rejection id: 1) {"user":"(node:16896) UnhandledPromiseRejectionWarning: Unhandled promise rejection. This error originated either by throwing inside of an async function without a catch block, or by rejecting a promise which was not handled with .catch(). (rejection id: 1)","metadata":{"emulator":{"name":"functions"},"function":{"name":"api"},"message":"\u001b[90m> \u001b[39m (node:16896) UnhandledPromiseRejectionWarning: Unhandled promise rejection. This error originated either by throwing inside of an async function without a catch block, or by rejecting a promise which was not handled with .catch(). (rejection id: 1)"}}
[info] >  (node:16896) [DEP0018] DeprecationWarning: Unhandled promise rejections are deprecated. In the future, promise rejections that are not handled will terminate the Node.js process with a non-zero exit code. {"user":"(node:16896) [DEP0018] DeprecationWarning: Unhandled promise rejections are deprecated. In the future, promise rejections that are not handled will terminate the Node.js process with a non-zero exit code.","metadata":{"emulator":{"name":"functions"},"function":{"name":"api"},"message":"\u001b[90m> \u001b[39m (node:16896) [DEP0018] DeprecationWarning: Unhandled promise rejections are deprecated. In the future, promise rejections that are not handled will terminate the Node.js process with a non-zero exit code."}}
[info] i  functions: Finished "api" in ~1s {"metadata":{"emulator":{"name":"functions"},"function":{"name":"api"},"message":"Finished \"api\" in ~1s"}}
[debug] [2020-11-29T06:04:20.643Z] [worker-api-30f4ef4e-a1cb-44b8-a19b-3e5865ed4567]: IDLE {"metadata":{"emulator":{"name":"functions"},"message":"[worker-api-30f4ef4e-a1cb-44b8-a19b-3e5865ed4567]: IDLE"}}
[debug] [2020-11-29T06:04:20.643Z] [work-queue] {"queueLength":0,"workRunningCount":0}
[debug] [2020-11-29T07:29:46.913Z] [work-queue] {"queueLength":1,"workRunningCount":0}
[debug] [2020-11-29T07:29:46.926Z] [work-queue] {"queueLength":0,"workRunningCount":1}
[debug] [2020-11-29T07:29:46.927Z] Accepted request GET /realtime-demo-chart/us-central1/api --> api
[debug] [2020-11-29T07:29:46.932Z] [worker-pool] submitWork(triggerId=api) {"metadata":{"emulator":{"name":"functions"},"message":"[worker-pool] submitWork(triggerId=api)"}}
[debug] [2020-11-29T07:29:46.934Z] [worker-api-30f4ef4e-a1cb-44b8-a19b-3e5865ed4567]: Assigning socketPath: \\?\pipe\D:\private\Dev\bao\realtime\functions\16896 {"metadata":{"emulator":{"name":"functions"},"message":"[worker-api-30f4ef4e-a1cb-44b8-a19b-3e5865ed4567]: Assigning socketPath: \\\\?\\pipe\\D:\\private\\Dev\\bao\\realtime\\functions\\16896"}}
[debug] [2020-11-29T07:29:46.934Z] [worker-api-30f4ef4e-a1cb-44b8-a19b-3e5865ed4567]: BUSY {"metadata":{"emulator":{"name":"functions"},"message":"[worker-api-30f4ef4e-a1cb-44b8-a19b-3e5865ed4567]: BUSY"}}
[debug] [2020-11-29T07:29:46.977Z] [runtime-status] [16896] Trigger "api" has been found, beginning invocation! {"metadata":{"emulator":{"name":"functions"},"function":{"name":"api"},"message":"[runtime-status] [16896] Trigger \"api\" has been found, beginning invocation!"}}
[info] i  functions: Beginning execution of "api" {"metadata":{"emulator":{"name":"functions"},"function":{"name":"api"},"message":"Beginning execution of \"api\""}}
[debug] [2020-11-29T07:29:47.001Z] [runtime-status] [16896] triggerDefinition {"httpsTrigger":{},"name":"api","entryPoint":"api"} {"metadata":{"emulator":{"name":"functions"},"function":{"name":"api"},"message":"[runtime-status] [16896] triggerDefinition {\"httpsTrigger\":{},\"name\":\"api\",\"entryPoint\":\"api\"}"}}
[debug] [2020-11-29T07:29:47.001Z] [runtime-status] [16896] Running api in mode HTTPS {"metadata":{"emulator":{"name":"functions"},"function":{"name":"api"},"message":"[runtime-status] [16896] Running api in mode HTTPS"}}
[debug] [2020-11-29T07:29:47.046Z] [runtime-status] [16896] Attempting to listen to socketPath: \\?\pipe\D:\private\Dev\bao\realtime\functions\16896 {"metadata":{"emulator":{"name":"functions"},"function":{"name":"api"},"message":"[runtime-status] [16896] Attempting to listen to socketPath: \\\\?\\pipe\\D:\\private\\Dev\\bao\\realtime\\functions\\16896"}}
[debug] [2020-11-29T07:29:47.076Z] [functions] Runtime ready! Sending request! {"metadata":{"emulator":{"name":"functions"},"message":"[functions] Runtime ready! Sending request!"}}
[debug] [2020-11-29T07:29:47.119Z] [runtime-status] [16896] Ephemeral server handling GET request {"metadata":{"emulator":{"name":"functions"},"function":{"name":"api"},"message":"[runtime-status] [16896] Ephemeral server handling GET request"}}
[debug] [2020-11-29T07:29:47.165Z] [runtime-status] [16896] Ephemeral server survived. {"metadata":{"emulator":{"name":"functions"},"function":{"name":"api"},"message":"[runtime-status] [16896] Ephemeral server survived."}}
[info] i  functions: Finished "api" in ~1s {"metadata":{"emulator":{"name":"functions"},"function":{"name":"api"},"message":"Finished \"api\" in ~1s"}}
[debug] [2020-11-29T07:29:47.167Z] [worker-api-30f4ef4e-a1cb-44b8-a19b-3e5865ed4567]: IDLE {"metadata":{"emulator":{"name":"functions"},"message":"[worker-api-30f4ef4e-a1cb-44b8-a19b-3e5865ed4567]: IDLE"}}
[debug] [2020-11-29T07:29:47.167Z] [work-queue] {"queueLength":0,"workRunningCount":0}
[debug] [2020-11-29T07:35:13.686Z] [work-queue] {"queueLength":1,"workRunningCount":0}
[debug] [2020-11-29T07:35:13.686Z] [work-queue] {"queueLength":0,"workRunningCount":1}
[debug] [2020-11-29T07:35:13.687Z] Accepted request GET /realtime-demo-chart/us-central1/api --> api
[debug] [2020-11-29T07:35:13.687Z] [worker-pool] submitWork(triggerId=api) {"metadata":{"emulator":{"name":"functions"},"message":"[worker-pool] submitWork(triggerId=api)"}}
[debug] [2020-11-29T07:35:13.687Z] [worker-api-30f4ef4e-a1cb-44b8-a19b-3e5865ed4567]: Assigning socketPath: \\?\pipe\D:\private\Dev\bao\realtime\functions\16896 {"metadata":{"emulator":{"name":"functions"},"message":"[worker-api-30f4ef4e-a1cb-44b8-a19b-3e5865ed4567]: Assigning socketPath: \\\\?\\pipe\\D:\\private\\Dev\\bao\\realtime\\functions\\16896"}}
[debug] [2020-11-29T07:35:13.687Z] [worker-api-30f4ef4e-a1cb-44b8-a19b-3e5865ed4567]: BUSY {"metadata":{"emulator":{"name":"functions"},"message":"[worker-api-30f4ef4e-a1cb-44b8-a19b-3e5865ed4567]: BUSY"}}
[debug] [2020-11-29T07:35:13.688Z] [runtime-status] [16896] Trigger "api" has been found, beginning invocation! {"metadata":{"emulator":{"name":"functions"},"function":{"name":"api"},"message":"[runtime-status] [16896] Trigger \"api\" has been found, beginning invocation!"}}
[info] i  functions: Beginning execution of "api" {"metadata":{"emulator":{"name":"functions"},"function":{"name":"api"},"message":"Beginning execution of \"api\""}}
[debug] [2020-11-29T07:35:13.691Z] [runtime-status] [16896] triggerDefinition {"httpsTrigger":{},"name":"api","entryPoint":"api"} {"metadata":{"emulator":{"name":"functions"},"function":{"name":"api"},"message":"[runtime-status] [16896] triggerDefinition {\"httpsTrigger\":{},\"name\":\"api\",\"entryPoint\":\"api\"}"}}
[debug] [2020-11-29T07:35:13.692Z] [runtime-status] [16896] Running api in mode HTTPS {"metadata":{"emulator":{"name":"functions"},"function":{"name":"api"},"message":"[runtime-status] [16896] Running api in mode HTTPS"}}
[debug] [2020-11-29T07:35:13.692Z] [runtime-status] [16896] Attempting to listen to socketPath: \\?\pipe\D:\private\Dev\bao\realtime\functions\16896 {"metadata":{"emulator":{"name":"functions"},"function":{"name":"api"},"message":"[runtime-status] [16896] Attempting to listen to socketPath: \\\\?\\pipe\\D:\\private\\Dev\\bao\\realtime\\functions\\16896"}}
[debug] [2020-11-29T07:35:13.697Z] [functions] Runtime ready! Sending request! {"metadata":{"emulator":{"name":"functions"},"message":"[functions] Runtime ready! Sending request!"}}
[debug] [2020-11-29T07:35:13.706Z] [runtime-status] [16896] Ephemeral server handling GET request {"metadata":{"emulator":{"name":"functions"},"function":{"name":"api"},"message":"[runtime-status] [16896] Ephemeral server handling GET request"}}
[debug] [2020-11-29T07:35:13.709Z] [runtime-status] [16896] Ephemeral server survived. {"metadata":{"emulator":{"name":"functions"},"function":{"name":"api"},"message":"[runtime-status] [16896] Ephemeral server survived."}}
[info] i  functions: Finished "api" in ~1s {"metadata":{"emulator":{"name":"functions"},"function":{"name":"api"},"message":"Finished \"api\" in ~1s"}}
[debug] [2020-11-29T07:35:13.729Z] [worker-api-30f4ef4e-a1cb-44b8-a19b-3e5865ed4567]: IDLE {"metadata":{"emulator":{"name":"functions"},"message":"[worker-api-30f4ef4e-a1cb-44b8-a19b-3e5865ed4567]: IDLE"}}
[debug] [2020-11-29T07:35:13.730Z] [work-queue] {"queueLength":0,"workRunningCount":0}
[debug] [2020-11-29T09:42:43.082Z] File D:\private\Dev\bao\realtime\functions\index.js changed, reloading triggers {"metadata":{"emulator":{"name":"functions"},"message":"File D:\\private\\Dev\\bao\\realtime\\functions\\index.js changed, reloading triggers"}}
[debug] [2020-11-29T09:42:44.102Z] [worker-pool] Shutting down IDLE worker (~diagnostic~) {"metadata":{"emulator":{"name":"functions"},"message":"[worker-pool] Shutting down IDLE worker (~diagnostic~)"}}
[debug] [2020-11-29T09:42:44.102Z] [worker-~diagnostic~-f8fc92f4-a81e-4d0c-a403-8e90206cbb64]: FINISHING {"metadata":{"emulator":{"name":"functions"},"message":"[worker-~diagnostic~-f8fc92f4-a81e-4d0c-a403-8e90206cbb64]: FINISHING"}}
[debug] [2020-11-29T09:42:44.105Z] [worker-pool] Shutting down IDLE worker (api) {"metadata":{"emulator":{"name":"functions"},"message":"[worker-pool] Shutting down IDLE worker (api)"}}
[debug] [2020-11-29T09:42:44.105Z] [worker-api-30f4ef4e-a1cb-44b8-a19b-3e5865ed4567]: FINISHING {"metadata":{"emulator":{"name":"functions"},"message":"[worker-api-30f4ef4e-a1cb-44b8-a19b-3e5865ed4567]: FINISHING"}}
[debug] [2020-11-29T09:42:44.137Z] [worker-pool] addWorker(~diagnostic~) {"metadata":{"emulator":{"name":"functions"},"message":"[worker-pool] addWorker(~diagnostic~)"}}
[debug] [2020-11-29T09:42:44.138Z] [worker-pool] Adding worker with key ~diagnostic~, total=2 {"metadata":{"emulator":{"name":"functions"},"message":"[worker-pool] Adding worker with key ~diagnostic~, total=2"}}
[debug] [2020-11-29T09:42:44.138Z] [worker-pool] submitWork(triggerId=) {"metadata":{"emulator":{"name":"functions"},"message":"[worker-pool] submitWork(triggerId=)"}}
[debug] [2020-11-29T09:42:44.138Z] [worker-~diagnostic~-6c224924-c6ef-4d47-adc7-2f9161b19b6a]: Assigning socketPath: \\?\pipe\D:\private\Dev\bao\realtime\functions\12348 {"metadata":{"emulator":{"name":"functions"},"message":"[worker-~diagnostic~-6c224924-c6ef-4d47-adc7-2f9161b19b6a]: Assigning socketPath: \\\\?\\pipe\\D:\\private\\Dev\\bao\\realtime\\functions\\12348"}}
[debug] [2020-11-29T09:42:44.138Z] [worker-~diagnostic~-6c224924-c6ef-4d47-adc7-2f9161b19b6a]: BUSY {"metadata":{"emulator":{"name":"functions"},"message":"[worker-~diagnostic~-6c224924-c6ef-4d47-adc7-2f9161b19b6a]: BUSY"}}
[debug] [2020-11-29T09:42:44.142Z] [worker-~diagnostic~-f8fc92f4-a81e-4d0c-a403-8e90206cbb64]: exited {"metadata":{"emulator":{"name":"functions"},"message":"[worker-~diagnostic~-f8fc92f4-a81e-4d0c-a403-8e90206cbb64]: exited"}}
[debug] [2020-11-29T09:42:44.142Z] [worker-~diagnostic~-f8fc92f4-a81e-4d0c-a403-8e90206cbb64]: FINISHED {"metadata":{"emulator":{"name":"functions"},"message":"[worker-~diagnostic~-f8fc92f4-a81e-4d0c-a403-8e90206cbb64]: FINISHED"}}
[debug] [2020-11-29T09:42:44.142Z] [worker-api-30f4ef4e-a1cb-44b8-a19b-3e5865ed4567]: exited {"metadata":{"emulator":{"name":"functions"},"message":"[worker-api-30f4ef4e-a1cb-44b8-a19b-3e5865ed4567]: exited"}}
[debug] [2020-11-29T09:42:44.142Z] [worker-api-30f4ef4e-a1cb-44b8-a19b-3e5865ed4567]: FINISHED {"metadata":{"emulator":{"name":"functions"},"message":"[worker-api-30f4ef4e-a1cb-44b8-a19b-3e5865ed4567]: FINISHED"}}
[debug] [2020-11-29T09:42:44.861Z] [runtime-status] [12348] Functions runtime initialized. {"cwd":"D:\\private\\Dev\\bao\\realtime\\functions","node_version":"12.13.0"} {"metadata":{"emulator":{"name":"functions"},"message":"[runtime-status] [12348] Functions runtime initialized. {\"cwd\":\"D:\\\\private\\\\Dev\\\\bao\\\\realtime\\\\functions\",\"node_version\":\"12.13.0\"}"}}
[debug] [2020-11-29T09:42:44.862Z] [runtime-status] [12348] Disabled runtime features: undefined {"metadata":{"emulator":{"name":"functions"},"message":"[runtime-status] [12348] Disabled runtime features: undefined"}}
[debug] [2020-11-29T09:42:44.865Z] [runtime-status] [12348] Resolved module firebase-admin {"declared":true,"installed":true,"version":"9.4.1","resolution":"D:\\private\\Dev\\bao\\realtime\\functions\\node_modules\\firebase-admin\\lib\\index.js"} {"metadata":{"emulator":{"name":"functions"},"message":"[runtime-status] [12348] Resolved module firebase-admin {\"declared\":true,\"installed\":true,\"version\":\"9.4.1\",\"resolution\":\"D:\\\\private\\\\Dev\\\\bao\\\\realtime\\\\functions\\\\node_modules\\\\firebase-admin\\\\lib\\\\index.js\"}"}}
[debug] [2020-11-29T09:42:44.867Z] [runtime-status] [12348] Resolved module firebase-functions {"declared":true,"installed":true,"version":"3.11.0","resolution":"D:\\private\\Dev\\bao\\realtime\\functions\\node_modules\\firebase-functions\\lib\\index.js"} {"metadata":{"emulator":{"name":"functions"},"message":"[runtime-status] [12348] Resolved module firebase-functions {\"declared\":true,\"installed\":true,\"version\":\"3.11.0\",\"resolution\":\"D:\\\\private\\\\Dev\\\\bao\\\\realtime\\\\functions\\\\node_modules\\\\firebase-functions\\\\lib\\\\index.js\"}"}}
[debug] [2020-11-29T09:42:44.868Z] [runtime-status] [12348] Resolved module firebase-functions {"declared":true,"installed":true,"version":"3.11.0","resolution":"D:\\private\\Dev\\bao\\realtime\\functions\\node_modules\\firebase-functions\\lib\\index.js"} {"metadata":{"emulator":{"name":"functions"},"message":"[runtime-status] [12348] Resolved module firebase-functions {\"declared\":true,\"installed\":true,\"version\":\"3.11.0\",\"resolution\":\"D:\\\\private\\\\Dev\\\\bao\\\\realtime\\\\functions\\\\node_modules\\\\firebase-functions\\\\lib\\\\index.js\"}"}}
[debug] [2020-11-29T09:42:44.870Z] [runtime-status] [12348] Outgoing network have been stubbed. [{"name":"http","status":"mocked"},{"name":"http","status":"mocked"},{"name":"https","status":"mocked"},{"name":"https","status":"mocked"},{"name":"net","status":"mocked"}] {"metadata":{"emulator":{"name":"functions"},"message":"[runtime-status] [12348] Outgoing network have been stubbed. [{\"name\":\"http\",\"status\":\"mocked\"},{\"name\":\"http\",\"status\":\"mocked\"},{\"name\":\"https\",\"status\":\"mocked\"},{\"name\":\"https\",\"status\":\"mocked\"},{\"name\":\"net\",\"status\":\"mocked\"}]"}}
[debug] [2020-11-29T09:42:44.870Z] [runtime-status] [12348] Resolved module firebase-functions {"declared":true,"installed":true,"version":"3.11.0","resolution":"D:\\private\\Dev\\bao\\realtime\\functions\\node_modules\\firebase-functions\\lib\\index.js"} {"metadata":{"emulator":{"name":"functions"},"message":"[runtime-status] [12348] Resolved module firebase-functions {\"declared\":true,\"installed\":true,\"version\":\"3.11.0\",\"resolution\":\"D:\\\\private\\\\Dev\\\\bao\\\\realtime\\\\functions\\\\node_modules\\\\firebase-functions\\\\lib\\\\index.js\"}"}}
[debug] [2020-11-29T09:42:44.952Z] [runtime-status] [12348] Checked functions.config() {"config":{}} {"metadata":{"emulator":{"name":"functions"},"message":"[runtime-status] [12348] Checked functions.config() {\"config\":{}}"}}
[debug] [2020-11-29T09:42:44.963Z] [runtime-status] [12348] firebase-functions has been stubbed. {"functionsResolution":{"declared":true,"installed":true,"version":"3.11.0","resolution":"D:\\private\\Dev\\bao\\realtime\\functions\\node_modules\\firebase-functions\\lib\\index.js"}} {"metadata":{"emulator":{"name":"functions"},"message":"[runtime-status] [12348] firebase-functions has been stubbed. {\"functionsResolution\":{\"declared\":true,\"installed\":true,\"version\":\"3.11.0\",\"resolution\":\"D:\\\\private\\\\Dev\\\\bao\\\\realtime\\\\functions\\\\node_modules\\\\firebase-functions\\\\lib\\\\index.js\"}}"}}
[debug] [2020-11-29T09:42:44.989Z] [runtime-status] [12348] Resolved module firebase-functions {"declared":true,"installed":true,"version":"3.11.0","resolution":"D:\\private\\Dev\\bao\\realtime\\functions\\node_modules\\firebase-functions\\lib\\index.js"} {"metadata":{"emulator":{"name":"functions"},"message":"[runtime-status] [12348] Resolved module firebase-functions {\"declared\":true,\"installed\":true,\"version\":\"3.11.0\",\"resolution\":\"D:\\\\private\\\\Dev\\\\bao\\\\realtime\\\\functions\\\\node_modules\\\\firebase-functions\\\\lib\\\\index.js\"}"}}
[debug] [2020-11-29T09:42:44.990Z] [runtime-status] [12348] Resolved module firebase-admin {"declared":true,"installed":true,"version":"9.4.1","resolution":"D:\\private\\Dev\\bao\\realtime\\functions\\node_modules\\firebase-admin\\lib\\index.js"} {"metadata":{"emulator":{"name":"functions"},"message":"[runtime-status] [12348] Resolved module firebase-admin {\"declared\":true,\"installed\":true,\"version\":\"9.4.1\",\"resolution\":\"D:\\\\private\\\\Dev\\\\bao\\\\realtime\\\\functions\\\\node_modules\\\\firebase-admin\\\\lib\\\\index.js\"}"}}
[debug] [2020-11-29T09:42:44.990Z] [runtime-status] [12348] Resolved module firebase-functions {"declared":true,"installed":true,"version":"3.11.0","resolution":"D:\\private\\Dev\\bao\\realtime\\functions\\node_modules\\firebase-functions\\lib\\index.js"} {"metadata":{"emulator":{"name":"functions"},"message":"[runtime-status] [12348] Resolved module firebase-functions {\"declared\":true,\"installed\":true,\"version\":\"3.11.0\",\"resolution\":\"D:\\\\private\\\\Dev\\\\bao\\\\realtime\\\\functions\\\\node_modules\\\\firebase-functions\\\\lib\\\\index.js\"}"}}
[debug] [2020-11-29T09:42:44.990Z] [runtime-status] [12348] firebase-admin has been stubbed. {"adminResolution":{"declared":true,"installed":true,"version":"9.4.1","resolution":"D:\\private\\Dev\\bao\\realtime\\functions\\node_modules\\firebase-admin\\lib\\index.js"}} {"metadata":{"emulator":{"name":"functions"},"message":"[runtime-status] [12348] firebase-admin has been stubbed. {\"adminResolution\":{\"declared\":true,\"installed\":true,\"version\":\"9.4.1\",\"resolution\":\"D:\\\\private\\\\Dev\\\\bao\\\\realtime\\\\functions\\\\node_modules\\\\firebase-admin\\\\lib\\\\index.js\"}}"}}
[debug] [2020-11-29T09:42:45.181Z] [runtime-status] [12348] initializeApp(DEFAULT) {"databaseURL":"https://realtime-demo-chart.firebaseio.com","storageBucket":"realtime-demo-chart.appspot.com","projectId":"realtime-demo-chart"} {"metadata":{"emulator":{"name":"functions"},"message":"[runtime-status] [12348] initializeApp(DEFAULT) {\"databaseURL\":\"https://realtime-demo-chart.firebaseio.com\",\"storageBucket\":\"realtime-demo-chart.appspot.com\",\"projectId\":\"realtime-demo-chart\"}"}}
[debug] [2020-11-29T09:42:45.642Z] [worker-~diagnostic~-6c224924-c6ef-4d47-adc7-2f9161b19b6a]: IDLE {"metadata":{"emulator":{"name":"functions"},"message":"[worker-~diagnostic~-6c224924-c6ef-4d47-adc7-2f9161b19b6a]: IDLE"}}
[debug] [2020-11-29T09:42:47.426Z] File D:\private\Dev\bao\realtime\functions\index.js changed, reloading triggers {"metadata":{"emulator":{"name":"functions"},"message":"File D:\\private\\Dev\\bao\\realtime\\functions\\index.js changed, reloading triggers"}}
[debug] [2020-11-29T09:42:48.439Z] [worker-pool] Shutting down IDLE worker (~diagnostic~) {"metadata":{"emulator":{"name":"functions"},"message":"[worker-pool] Shutting down IDLE worker (~diagnostic~)"}}
[debug] [2020-11-29T09:42:48.439Z] [worker-~diagnostic~-6c224924-c6ef-4d47-adc7-2f9161b19b6a]: FINISHING {"metadata":{"emulator":{"name":"functions"},"message":"[worker-~diagnostic~-6c224924-c6ef-4d47-adc7-2f9161b19b6a]: FINISHING"}}
[debug] [2020-11-29T09:42:48.440Z] [worker-pool] Cleaned up workers for ~diagnostic~: 2 --> 1 {"metadata":{"emulator":{"name":"functions"},"message":"[worker-pool] Cleaned up workers for ~diagnostic~: 2 --> 1"}}
[debug] [2020-11-29T09:42:48.440Z] [worker-pool] Cleaned up workers for api: 1 --> 0 {"metadata":{"emulator":{"name":"functions"},"message":"[worker-pool] Cleaned up workers for api: 1 --> 0"}}
[debug] [2020-11-29T09:42:48.447Z] [worker-pool] addWorker(~diagnostic~) {"metadata":{"emulator":{"name":"functions"},"message":"[worker-pool] addWorker(~diagnostic~)"}}
[debug] [2020-11-29T09:42:48.447Z] [worker-pool] Adding worker with key ~diagnostic~, total=2 {"metadata":{"emulator":{"name":"functions"},"message":"[worker-pool] Adding worker with key ~diagnostic~, total=2"}}
[debug] [2020-11-29T09:42:48.448Z] [worker-pool] submitWork(triggerId=) {"metadata":{"emulator":{"name":"functions"},"message":"[worker-pool] submitWork(triggerId=)"}}
[debug] [2020-11-29T09:42:48.448Z] [worker-~diagnostic~-825f7fb3-b385-41b3-9ce8-211ab5fbc7f7]: Assigning socketPath: \\?\pipe\D:\private\Dev\bao\realtime\functions\14696 {"metadata":{"emulator":{"name":"functions"},"message":"[worker-~diagnostic~-825f7fb3-b385-41b3-9ce8-211ab5fbc7f7]: Assigning socketPath: \\\\?\\pipe\\D:\\private\\Dev\\bao\\realtime\\functions\\14696"}}
[debug] [2020-11-29T09:42:48.448Z] [worker-~diagnostic~-825f7fb3-b385-41b3-9ce8-211ab5fbc7f7]: BUSY {"metadata":{"emulator":{"name":"functions"},"message":"[worker-~diagnostic~-825f7fb3-b385-41b3-9ce8-211ab5fbc7f7]: BUSY"}}
[debug] [2020-11-29T09:42:48.449Z] [worker-~diagnostic~-6c224924-c6ef-4d47-adc7-2f9161b19b6a]: exited {"metadata":{"emulator":{"name":"functions"},"message":"[worker-~diagnostic~-6c224924-c6ef-4d47-adc7-2f9161b19b6a]: exited"}}
[debug] [2020-11-29T09:42:48.449Z] [worker-~diagnostic~-6c224924-c6ef-4d47-adc7-2f9161b19b6a]: FINISHED {"metadata":{"emulator":{"name":"functions"},"message":"[worker-~diagnostic~-6c224924-c6ef-4d47-adc7-2f9161b19b6a]: FINISHED"}}
[debug] [2020-11-29T09:42:48.773Z] [runtime-status] [14696] Functions runtime initialized. {"cwd":"D:\\private\\Dev\\bao\\realtime\\functions","node_version":"12.13.0"} {"metadata":{"emulator":{"name":"functions"},"message":"[runtime-status] [14696] Functions runtime initialized. {\"cwd\":\"D:\\\\private\\\\Dev\\\\bao\\\\realtime\\\\functions\",\"node_version\":\"12.13.0\"}"}}
[debug] [2020-11-29T09:42:48.773Z] [runtime-status] [14696] Disabled runtime features: undefined {"metadata":{"emulator":{"name":"functions"},"message":"[runtime-status] [14696] Disabled runtime features: undefined"}}
[debug] [2020-11-29T09:42:48.776Z] [runtime-status] [14696] Resolved module firebase-admin {"declared":true,"installed":true,"version":"9.4.1","resolution":"D:\\private\\Dev\\bao\\realtime\\functions\\node_modules\\firebase-admin\\lib\\index.js"} {"metadata":{"emulator":{"name":"functions"},"message":"[runtime-status] [14696] Resolved module firebase-admin {\"declared\":true,\"installed\":true,\"version\":\"9.4.1\",\"resolution\":\"D:\\\\private\\\\Dev\\\\bao\\\\realtime\\\\functions\\\\node_modules\\\\firebase-admin\\\\lib\\\\index.js\"}"}}
[debug] [2020-11-29T09:42:48.777Z] [runtime-status] [14696] Resolved module firebase-functions {"declared":true,"installed":true,"version":"3.11.0","resolution":"D:\\private\\Dev\\bao\\realtime\\functions\\node_modules\\firebase-functions\\lib\\index.js"} {"metadata":{"emulator":{"name":"functions"},"message":"[runtime-status] [14696] Resolved module firebase-functions {\"declared\":true,\"installed\":true,\"version\":\"3.11.0\",\"resolution\":\"D:\\\\private\\\\Dev\\\\bao\\\\realtime\\\\functions\\\\node_modules\\\\firebase-functions\\\\lib\\\\index.js\"}"}}
[debug] [2020-11-29T09:42:48.777Z] [runtime-status] [14696] Resolved module firebase-functions {"declared":true,"installed":true,"version":"3.11.0","resolution":"D:\\private\\Dev\\bao\\realtime\\functions\\node_modules\\firebase-functions\\lib\\index.js"} {"metadata":{"emulator":{"name":"functions"},"message":"[runtime-status] [14696] Resolved module firebase-functions {\"declared\":true,\"installed\":true,\"version\":\"3.11.0\",\"resolution\":\"D:\\\\private\\\\Dev\\\\bao\\\\realtime\\\\functions\\\\node_modules\\\\firebase-functions\\\\lib\\\\index.js\"}"}}
[debug] [2020-11-29T09:42:48.779Z] [runtime-status] [14696] Outgoing network have been stubbed. [{"name":"http","status":"mocked"},{"name":"http","status":"mocked"},{"name":"https","status":"mocked"},{"name":"https","status":"mocked"},{"name":"net","status":"mocked"}] {"metadata":{"emulator":{"name":"functions"},"message":"[runtime-status] [14696] Outgoing network have been stubbed. [{\"name\":\"http\",\"status\":\"mocked\"},{\"name\":\"http\",\"status\":\"mocked\"},{\"name\":\"https\",\"status\":\"mocked\"},{\"name\":\"https\",\"status\":\"mocked\"},{\"name\":\"net\",\"status\":\"mocked\"}]"}}
[debug] [2020-11-29T09:42:48.779Z] [runtime-status] [14696] Resolved module firebase-functions {"declared":true,"installed":true,"version":"3.11.0","resolution":"D:\\private\\Dev\\bao\\realtime\\functions\\node_modules\\firebase-functions\\lib\\index.js"} {"metadata":{"emulator":{"name":"functions"},"message":"[runtime-status] [14696] Resolved module firebase-functions {\"declared\":true,\"installed\":true,\"version\":\"3.11.0\",\"resolution\":\"D:\\\\private\\\\Dev\\\\bao\\\\realtime\\\\functions\\\\node_modules\\\\firebase-functions\\\\lib\\\\index.js\"}"}}
[debug] [2020-11-29T09:42:48.811Z] [runtime-status] [14696] Checked functions.config() {"config":{}} {"metadata":{"emulator":{"name":"functions"},"message":"[runtime-status] [14696] Checked functions.config() {\"config\":{}}"}}
[debug] [2020-11-29T09:42:48.811Z] [runtime-status] [14696] firebase-functions has been stubbed. {"functionsResolution":{"declared":true,"installed":true,"version":"3.11.0","resolution":"D:\\private\\Dev\\bao\\realtime\\functions\\node_modules\\firebase-functions\\lib\\index.js"}} {"metadata":{"emulator":{"name":"functions"},"message":"[runtime-status] [14696] firebase-functions has been stubbed. {\"functionsResolution\":{\"declared\":true,\"installed\":true,\"version\":\"3.11.0\",\"resolution\":\"D:\\\\private\\\\Dev\\\\bao\\\\realtime\\\\functions\\\\node_modules\\\\firebase-functions\\\\lib\\\\index.js\"}}"}}
[debug] [2020-11-29T09:42:48.811Z] [runtime-status] [14696] Resolved module firebase-functions {"declared":true,"installed":true,"version":"3.11.0","resolution":"D:\\private\\Dev\\bao\\realtime\\functions\\node_modules\\firebase-functions\\lib\\index.js"} {"metadata":{"emulator":{"name":"functions"},"message":"[runtime-status] [14696] Resolved module firebase-functions {\"declared\":true,\"installed\":true,\"version\":\"3.11.0\",\"resolution\":\"D:\\\\private\\\\Dev\\\\bao\\\\realtime\\\\functions\\\\node_modules\\\\firebase-functions\\\\lib\\\\index.js\"}"}}
[debug] [2020-11-29T09:42:48.812Z] [runtime-status] [14696] Resolved module firebase-admin {"declared":true,"installed":true,"version":"9.4.1","resolution":"D:\\private\\Dev\\bao\\realtime\\functions\\node_modules\\firebase-admin\\lib\\index.js"} {"metadata":{"emulator":{"name":"functions"},"message":"[runtime-status] [14696] Resolved module firebase-admin {\"declared\":true,\"installed\":true,\"version\":\"9.4.1\",\"resolution\":\"D:\\\\private\\\\Dev\\\\bao\\\\realtime\\\\functions\\\\node_modules\\\\firebase-admin\\\\lib\\\\index.js\"}"}}
[debug] [2020-11-29T09:42:48.813Z] [runtime-status] [14696] Resolved module firebase-functions {"declared":true,"installed":true,"version":"3.11.0","resolution":"D:\\private\\Dev\\bao\\realtime\\functions\\node_modules\\firebase-functions\\lib\\index.js"} {"metadata":{"emulator":{"name":"functions"},"message":"[runtime-status] [14696] Resolved module firebase-functions {\"declared\":true,\"installed\":true,\"version\":\"3.11.0\",\"resolution\":\"D:\\\\private\\\\Dev\\\\bao\\\\realtime\\\\functions\\\\node_modules\\\\firebase-functions\\\\lib\\\\index.js\"}"}}
[debug] [2020-11-29T09:42:48.813Z] [runtime-status] [14696] firebase-admin has been stubbed. {"adminResolution":{"declared":true,"installed":true,"version":"9.4.1","resolution":"D:\\private\\Dev\\bao\\realtime\\functions\\node_modules\\firebase-admin\\lib\\index.js"}} {"metadata":{"emulator":{"name":"functions"},"message":"[runtime-status] [14696] firebase-admin has been stubbed. {\"adminResolution\":{\"declared\":true,\"installed\":true,\"version\":\"9.4.1\",\"resolution\":\"D:\\\\private\\\\Dev\\\\bao\\\\realtime\\\\functions\\\\node_modules\\\\firebase-admin\\\\lib\\\\index.js\"}}"}}
[debug] [2020-11-29T09:42:48.891Z] [runtime-status] [14696] initializeApp(DEFAULT) {"databaseURL":"https://realtime-demo-chart.firebaseio.com","storageBucket":"realtime-demo-chart.appspot.com","projectId":"realtime-demo-chart"} {"metadata":{"emulator":{"name":"functions"},"message":"[runtime-status] [14696] initializeApp(DEFAULT) {\"databaseURL\":\"https://realtime-demo-chart.firebaseio.com\",\"storageBucket\":\"realtime-demo-chart.appspot.com\",\"projectId\":\"realtime-demo-chart\"}"}}
[debug] [2020-11-29T09:42:49.047Z] File D:\private\Dev\bao\realtime\functions\index.js changed, reloading triggers {"metadata":{"emulator":{"name":"functions"},"message":"File D:\\private\\Dev\\bao\\realtime\\functions\\index.js changed, reloading triggers"}}
[debug] [2020-11-29T09:42:49.078Z] [worker-~diagnostic~-825f7fb3-b385-41b3-9ce8-211ab5fbc7f7]: IDLE {"metadata":{"emulator":{"name":"functions"},"message":"[worker-~diagnostic~-825f7fb3-b385-41b3-9ce8-211ab5fbc7f7]: IDLE"}}
[debug] [2020-11-29T09:42:50.047Z] [worker-pool] Shutting down IDLE worker (~diagnostic~) {"metadata":{"emulator":{"name":"functions"},"message":"[worker-pool] Shutting down IDLE worker (~diagnostic~)"}}
[debug] [2020-11-29T09:42:50.047Z] [worker-~diagnostic~-825f7fb3-b385-41b3-9ce8-211ab5fbc7f7]: FINISHING {"metadata":{"emulator":{"name":"functions"},"message":"[worker-~diagnostic~-825f7fb3-b385-41b3-9ce8-211ab5fbc7f7]: FINISHING"}}
[debug] [2020-11-29T09:42:50.048Z] [worker-pool] Cleaned up workers for ~diagnostic~: 2 --> 1 {"metadata":{"emulator":{"name":"functions"},"message":"[worker-pool] Cleaned up workers for ~diagnostic~: 2 --> 1"}}
[debug] [2020-11-29T09:42:50.056Z] [worker-pool] addWorker(~diagnostic~) {"metadata":{"emulator":{"name":"functions"},"message":"[worker-pool] addWorker(~diagnostic~)"}}
[debug] [2020-11-29T09:42:50.056Z] [worker-pool] Adding worker with key ~diagnostic~, total=2 {"metadata":{"emulator":{"name":"functions"},"message":"[worker-pool] Adding worker with key ~diagnostic~, total=2"}}
[debug] [2020-11-29T09:42:50.056Z] [worker-pool] submitWork(triggerId=) {"metadata":{"emulator":{"name":"functions"},"message":"[worker-pool] submitWork(triggerId=)"}}
[debug] [2020-11-29T09:42:50.056Z] [worker-~diagnostic~-94d43324-7b79-48cf-ab3c-3cb77261e983]: Assigning socketPath: \\?\pipe\D:\private\Dev\bao\realtime\functions\23648 {"metadata":{"emulator":{"name":"functions"},"message":"[worker-~diagnostic~-94d43324-7b79-48cf-ab3c-3cb77261e983]: Assigning socketPath: \\\\?\\pipe\\D:\\private\\Dev\\bao\\realtime\\functions\\23648"}}
[debug] [2020-11-29T09:42:50.056Z] [worker-~diagnostic~-94d43324-7b79-48cf-ab3c-3cb77261e983]: BUSY {"metadata":{"emulator":{"name":"functions"},"message":"[worker-~diagnostic~-94d43324-7b79-48cf-ab3c-3cb77261e983]: BUSY"}}
[debug] [2020-11-29T09:42:50.057Z] [worker-~diagnostic~-825f7fb3-b385-41b3-9ce8-211ab5fbc7f7]: exited {"metadata":{"emulator":{"name":"functions"},"message":"[worker-~diagnostic~-825f7fb3-b385-41b3-9ce8-211ab5fbc7f7]: exited"}}
[debug] [2020-11-29T09:42:50.057Z] [worker-~diagnostic~-825f7fb3-b385-41b3-9ce8-211ab5fbc7f7]: FINISHED {"metadata":{"emulator":{"name":"functions"},"message":"[worker-~diagnostic~-825f7fb3-b385-41b3-9ce8-211ab5fbc7f7]: FINISHED"}}
[debug] [2020-11-29T09:42:50.373Z] [runtime-status] [23648] Functions runtime initialized. {"cwd":"D:\\private\\Dev\\bao\\realtime\\functions","node_version":"12.13.0"} {"metadata":{"emulator":{"name":"functions"},"message":"[runtime-status] [23648] Functions runtime initialized. {\"cwd\":\"D:\\\\private\\\\Dev\\\\bao\\\\realtime\\\\functions\",\"node_version\":\"12.13.0\"}"}}
[debug] [2020-11-29T09:42:50.374Z] [runtime-status] [23648] Disabled runtime features: undefined {"metadata":{"emulator":{"name":"functions"},"message":"[runtime-status] [23648] Disabled runtime features: undefined"}}
[debug] [2020-11-29T09:42:50.376Z] [runtime-status] [23648] Resolved module firebase-admin {"declared":true,"installed":true,"version":"9.4.1","resolution":"D:\\private\\Dev\\bao\\realtime\\functions\\node_modules\\firebase-admin\\lib\\index.js"} {"metadata":{"emulator":{"name":"functions"},"message":"[runtime-status] [23648] Resolved module firebase-admin {\"declared\":true,\"installed\":true,\"version\":\"9.4.1\",\"resolution\":\"D:\\\\private\\\\Dev\\\\bao\\\\realtime\\\\functions\\\\node_modules\\\\firebase-admin\\\\lib\\\\index.js\"}"}}
[debug] [2020-11-29T09:42:50.377Z] [runtime-status] [23648] Resolved module firebase-functions {"declared":true,"installed":true,"version":"3.11.0","resolution":"D:\\private\\Dev\\bao\\realtime\\functions\\node_modules\\firebase-functions\\lib\\index.js"} {"metadata":{"emulator":{"name":"functions"},"message":"[runtime-status] [23648] Resolved module firebase-functions {\"declared\":true,\"installed\":true,\"version\":\"3.11.0\",\"resolution\":\"D:\\\\private\\\\Dev\\\\bao\\\\realtime\\\\functions\\\\node_modules\\\\firebase-functions\\\\lib\\\\index.js\"}"}}
[debug] [2020-11-29T09:42:50.378Z] [runtime-status] [23648] Resolved module firebase-functions {"declared":true,"installed":true,"version":"3.11.0","resolution":"D:\\private\\Dev\\bao\\realtime\\functions\\node_modules\\firebase-functions\\lib\\index.js"} {"metadata":{"emulator":{"name":"functions"},"message":"[runtime-status] [23648] Resolved module firebase-functions {\"declared\":true,\"installed\":true,\"version\":\"3.11.0\",\"resolution\":\"D:\\\\private\\\\Dev\\\\bao\\\\realtime\\\\functions\\\\node_modules\\\\firebase-functions\\\\lib\\\\index.js\"}"}}
[debug] [2020-11-29T09:42:50.379Z] [runtime-status] [23648] Outgoing network have been stubbed. [{"name":"http","status":"mocked"},{"name":"http","status":"mocked"},{"name":"https","status":"mocked"},{"name":"https","status":"mocked"},{"name":"net","status":"mocked"}] {"metadata":{"emulator":{"name":"functions"},"message":"[runtime-status] [23648] Outgoing network have been stubbed. [{\"name\":\"http\",\"status\":\"mocked\"},{\"name\":\"http\",\"status\":\"mocked\"},{\"name\":\"https\",\"status\":\"mocked\"},{\"name\":\"https\",\"status\":\"mocked\"},{\"name\":\"net\",\"status\":\"mocked\"}]"}}
[debug] [2020-11-29T09:42:50.380Z] [runtime-status] [23648] Resolved module firebase-functions {"declared":true,"installed":true,"version":"3.11.0","resolution":"D:\\private\\Dev\\bao\\realtime\\functions\\node_modules\\firebase-functions\\lib\\index.js"} {"metadata":{"emulator":{"name":"functions"},"message":"[runtime-status] [23648] Resolved module firebase-functions {\"declared\":true,\"installed\":true,\"version\":\"3.11.0\",\"resolution\":\"D:\\\\private\\\\Dev\\\\bao\\\\realtime\\\\functions\\\\node_modules\\\\firebase-functions\\\\lib\\\\index.js\"}"}}
[debug] [2020-11-29T09:42:50.412Z] [runtime-status] [23648] Checked functions.config() {"config":{}} {"metadata":{"emulator":{"name":"functions"},"message":"[runtime-status] [23648] Checked functions.config() {\"config\":{}}"}}
[debug] [2020-11-29T09:42:50.412Z] [runtime-status] [23648] firebase-functions has been stubbed. {"functionsResolution":{"declared":true,"installed":true,"version":"3.11.0","resolution":"D:\\private\\Dev\\bao\\realtime\\functions\\node_modules\\firebase-functions\\lib\\index.js"}} {"metadata":{"emulator":{"name":"functions"},"message":"[runtime-status] [23648] firebase-functions has been stubbed. {\"functionsResolution\":{\"declared\":true,\"installed\":true,\"version\":\"3.11.0\",\"resolution\":\"D:\\\\private\\\\Dev\\\\bao\\\\realtime\\\\functions\\\\node_modules\\\\firebase-functions\\\\lib\\\\index.js\"}}"}}
[debug] [2020-11-29T09:42:50.413Z] [runtime-status] [23648] Resolved module firebase-functions {"declared":true,"installed":true,"version":"3.11.0","resolution":"D:\\private\\Dev\\bao\\realtime\\functions\\node_modules\\firebase-functions\\lib\\index.js"} {"metadata":{"emulator":{"name":"functions"},"message":"[runtime-status] [23648] Resolved module firebase-functions {\"declared\":true,\"installed\":true,\"version\":\"3.11.0\",\"resolution\":\"D:\\\\private\\\\Dev\\\\bao\\\\realtime\\\\functions\\\\node_modules\\\\firebase-functions\\\\lib\\\\index.js\"}"}}
[debug] [2020-11-29T09:42:50.414Z] [runtime-status] [23648] Resolved module firebase-admin {"declared":true,"installed":true,"version":"9.4.1","resolution":"D:\\private\\Dev\\bao\\realtime\\functions\\node_modules\\firebase-admin\\lib\\index.js"} {"metadata":{"emulator":{"name":"functions"},"message":"[runtime-status] [23648] Resolved module firebase-admin {\"declared\":true,\"installed\":true,\"version\":\"9.4.1\",\"resolution\":\"D:\\\\private\\\\Dev\\\\bao\\\\realtime\\\\functions\\\\node_modules\\\\firebase-admin\\\\lib\\\\index.js\"}"}}
[debug] [2020-11-29T09:42:50.414Z] [runtime-status] [23648] Resolved module firebase-functions {"declared":true,"installed":true,"version":"3.11.0","resolution":"D:\\private\\Dev\\bao\\realtime\\functions\\node_modules\\firebase-functions\\lib\\index.js"} {"metadata":{"emulator":{"name":"functions"},"message":"[runtime-status] [23648] Resolved module firebase-functions {\"declared\":true,\"installed\":true,\"version\":\"3.11.0\",\"resolution\":\"D:\\\\private\\\\Dev\\\\bao\\\\realtime\\\\functions\\\\node_modules\\\\firebase-functions\\\\lib\\\\index.js\"}"}}
[debug] [2020-11-29T09:42:50.414Z] [runtime-status] [23648] firebase-admin has been stubbed. {"adminResolution":{"declared":true,"installed":true,"version":"9.4.1","resolution":"D:\\private\\Dev\\bao\\realtime\\functions\\node_modules\\firebase-admin\\lib\\index.js"}} {"metadata":{"emulator":{"name":"functions"},"message":"[runtime-status] [23648] firebase-admin has been stubbed. {\"adminResolution\":{\"declared\":true,\"installed\":true,\"version\":\"9.4.1\",\"resolution\":\"D:\\\\private\\\\Dev\\\\bao\\\\realtime\\\\functions\\\\node_modules\\\\firebase-admin\\\\lib\\\\index.js\"}}"}}
[debug] [2020-11-29T09:42:50.493Z] [runtime-status] [23648] initializeApp(DEFAULT) {"databaseURL":"https://realtime-demo-chart.firebaseio.com","storageBucket":"realtime-demo-chart.appspot.com","projectId":"realtime-demo-chart"} {"metadata":{"emulator":{"name":"functions"},"message":"[runtime-status] [23648] initializeApp(DEFAULT) {\"databaseURL\":\"https://realtime-demo-chart.firebaseio.com\",\"storageBucket\":\"realtime-demo-chart.appspot.com\",\"projectId\":\"realtime-demo-chart\"}"}}
[debug] [2020-11-29T09:42:50.679Z] [worker-~diagnostic~-94d43324-7b79-48cf-ab3c-3cb77261e983]: IDLE {"metadata":{"emulator":{"name":"functions"},"message":"[worker-~diagnostic~-94d43324-7b79-48cf-ab3c-3cb77261e983]: IDLE"}}
[debug] [2020-11-29T09:43:33.754Z] File D:\private\Dev\bao\realtime\functions\index.js changed, reloading triggers {"metadata":{"emulator":{"name":"functions"},"message":"File D:\\private\\Dev\\bao\\realtime\\functions\\index.js changed, reloading triggers"}}
[debug] [2020-11-29T09:43:34.762Z] [worker-pool] Shutting down IDLE worker (~diagnostic~) {"metadata":{"emulator":{"name":"functions"},"message":"[worker-pool] Shutting down IDLE worker (~diagnostic~)"}}
[debug] [2020-11-29T09:43:34.762Z] [worker-~diagnostic~-94d43324-7b79-48cf-ab3c-3cb77261e983]: FINISHING {"metadata":{"emulator":{"name":"functions"},"message":"[worker-~diagnostic~-94d43324-7b79-48cf-ab3c-3cb77261e983]: FINISHING"}}
[debug] [2020-11-29T09:43:34.762Z] [worker-pool] Cleaned up workers for ~diagnostic~: 2 --> 1 {"metadata":{"emulator":{"name":"functions"},"message":"[worker-pool] Cleaned up workers for ~diagnostic~: 2 --> 1"}}
[debug] [2020-11-29T09:43:34.768Z] [worker-pool] addWorker(~diagnostic~) {"metadata":{"emulator":{"name":"functions"},"message":"[worker-pool] addWorker(~diagnostic~)"}}
[debug] [2020-11-29T09:43:34.768Z] [worker-pool] Adding worker with key ~diagnostic~, total=2 {"metadata":{"emulator":{"name":"functions"},"message":"[worker-pool] Adding worker with key ~diagnostic~, total=2"}}
[debug] [2020-11-29T09:43:34.768Z] [worker-pool] submitWork(triggerId=) {"metadata":{"emulator":{"name":"functions"},"message":"[worker-pool] submitWork(triggerId=)"}}
[debug] [2020-11-29T09:43:34.768Z] [worker-~diagnostic~-2dd407a7-c4ad-4af0-9581-697f5c593dec]: Assigning socketPath: \\?\pipe\D:\private\Dev\bao\realtime\functions\15840 {"metadata":{"emulator":{"name":"functions"},"message":"[worker-~diagnostic~-2dd407a7-c4ad-4af0-9581-697f5c593dec]: Assigning socketPath: \\\\?\\pipe\\D:\\private\\Dev\\bao\\realtime\\functions\\15840"}}
[debug] [2020-11-29T09:43:34.768Z] [worker-~diagnostic~-2dd407a7-c4ad-4af0-9581-697f5c593dec]: BUSY {"metadata":{"emulator":{"name":"functions"},"message":"[worker-~diagnostic~-2dd407a7-c4ad-4af0-9581-697f5c593dec]: BUSY"}}
[debug] [2020-11-29T09:43:34.768Z] [worker-~diagnostic~-94d43324-7b79-48cf-ab3c-3cb77261e983]: exited {"metadata":{"emulator":{"name":"functions"},"message":"[worker-~diagnostic~-94d43324-7b79-48cf-ab3c-3cb77261e983]: exited"}}
[debug] [2020-11-29T09:43:34.768Z] [worker-~diagnostic~-94d43324-7b79-48cf-ab3c-3cb77261e983]: FINISHED {"metadata":{"emulator":{"name":"functions"},"message":"[worker-~diagnostic~-94d43324-7b79-48cf-ab3c-3cb77261e983]: FINISHED"}}
[debug] [2020-11-29T09:43:35.152Z] [runtime-status] [15840] Functions runtime initialized. {"cwd":"D:\\private\\Dev\\bao\\realtime\\functions","node_version":"12.13.0"} {"metadata":{"emulator":{"name":"functions"},"message":"[runtime-status] [15840] Functions runtime initialized. {\"cwd\":\"D:\\\\private\\\\Dev\\\\bao\\\\realtime\\\\functions\",\"node_version\":\"12.13.0\"}"}}
[debug] [2020-11-29T09:43:35.153Z] [runtime-status] [15840] Disabled runtime features: undefined {"metadata":{"emulator":{"name":"functions"},"message":"[runtime-status] [15840] Disabled runtime features: undefined"}}
[debug] [2020-11-29T09:43:35.155Z] [runtime-status] [15840] Resolved module firebase-admin {"declared":true,"installed":true,"version":"9.4.1","resolution":"D:\\private\\Dev\\bao\\realtime\\functions\\node_modules\\firebase-admin\\lib\\index.js"} {"metadata":{"emulator":{"name":"functions"},"message":"[runtime-status] [15840] Resolved module firebase-admin {\"declared\":true,\"installed\":true,\"version\":\"9.4.1\",\"resolution\":\"D:\\\\private\\\\Dev\\\\bao\\\\realtime\\\\functions\\\\node_modules\\\\firebase-admin\\\\lib\\\\index.js\"}"}}
[debug] [2020-11-29T09:43:35.156Z] [runtime-status] [15840] Resolved module firebase-functions {"declared":true,"installed":true,"version":"3.11.0","resolution":"D:\\private\\Dev\\bao\\realtime\\functions\\node_modules\\firebase-functions\\lib\\index.js"} {"metadata":{"emulator":{"name":"functions"},"message":"[runtime-status] [15840] Resolved module firebase-functions {\"declared\":true,\"installed\":true,\"version\":\"3.11.0\",\"resolution\":\"D:\\\\private\\\\Dev\\\\bao\\\\realtime\\\\functions\\\\node_modules\\\\firebase-functions\\\\lib\\\\index.js\"}"}}
[debug] [2020-11-29T09:43:35.157Z] [runtime-status] [15840] Resolved module firebase-functions {"declared":true,"installed":true,"version":"3.11.0","resolution":"D:\\private\\Dev\\bao\\realtime\\functions\\node_modules\\firebase-functions\\lib\\index.js"} {"metadata":{"emulator":{"name":"functions"},"message":"[runtime-status] [15840] Resolved module firebase-functions {\"declared\":true,\"installed\":true,\"version\":\"3.11.0\",\"resolution\":\"D:\\\\private\\\\Dev\\\\bao\\\\realtime\\\\functions\\\\node_modules\\\\firebase-functions\\\\lib\\\\index.js\"}"}}
[debug] [2020-11-29T09:43:35.158Z] [runtime-status] [15840] Outgoing network have been stubbed. [{"name":"http","status":"mocked"},{"name":"http","status":"mocked"},{"name":"https","status":"mocked"},{"name":"https","status":"mocked"},{"name":"net","status":"mocked"}] {"metadata":{"emulator":{"name":"functions"},"message":"[runtime-status] [15840] Outgoing network have been stubbed. [{\"name\":\"http\",\"status\":\"mocked\"},{\"name\":\"http\",\"status\":\"mocked\"},{\"name\":\"https\",\"status\":\"mocked\"},{\"name\":\"https\",\"status\":\"mocked\"},{\"name\":\"net\",\"status\":\"mocked\"}]"}}
[debug] [2020-11-29T09:43:35.159Z] [runtime-status] [15840] Resolved module firebase-functions {"declared":true,"installed":true,"version":"3.11.0","resolution":"D:\\private\\Dev\\bao\\realtime\\functions\\node_modules\\firebase-functions\\lib\\index.js"} {"metadata":{"emulator":{"name":"functions"},"message":"[runtime-status] [15840] Resolved module firebase-functions {\"declared\":true,\"installed\":true,\"version\":\"3.11.0\",\"resolution\":\"D:\\\\private\\\\Dev\\\\bao\\\\realtime\\\\functions\\\\node_modules\\\\firebase-functions\\\\lib\\\\index.js\"}"}}
[debug] [2020-11-29T09:43:35.191Z] [runtime-status] [15840] Checked functions.config() {"config":{}} {"metadata":{"emulator":{"name":"functions"},"message":"[runtime-status] [15840] Checked functions.config() {\"config\":{}}"}}
[debug] [2020-11-29T09:43:35.191Z] [runtime-status] [15840] firebase-functions has been stubbed. {"functionsResolution":{"declared":true,"installed":true,"version":"3.11.0","resolution":"D:\\private\\Dev\\bao\\realtime\\functions\\node_modules\\firebase-functions\\lib\\index.js"}} {"metadata":{"emulator":{"name":"functions"},"message":"[runtime-status] [15840] firebase-functions has been stubbed. {\"functionsResolution\":{\"declared\":true,\"installed\":true,\"version\":\"3.11.0\",\"resolution\":\"D:\\\\private\\\\Dev\\\\bao\\\\realtime\\\\functions\\\\node_modules\\\\firebase-functions\\\\lib\\\\index.js\"}}"}}
[debug] [2020-11-29T09:43:35.192Z] [runtime-status] [15840] Resolved module firebase-functions {"declared":true,"installed":true,"version":"3.11.0","resolution":"D:\\private\\Dev\\bao\\realtime\\functions\\node_modules\\firebase-functions\\lib\\index.js"} {"metadata":{"emulator":{"name":"functions"},"message":"[runtime-status] [15840] Resolved module firebase-functions {\"declared\":true,\"installed\":true,\"version\":\"3.11.0\",\"resolution\":\"D:\\\\private\\\\Dev\\\\bao\\\\realtime\\\\functions\\\\node_modules\\\\firebase-functions\\\\lib\\\\index.js\"}"}}
[debug] [2020-11-29T09:43:35.192Z] [runtime-status] [15840] Resolved module firebase-admin {"declared":true,"installed":true,"version":"9.4.1","resolution":"D:\\private\\Dev\\bao\\realtime\\functions\\node_modules\\firebase-admin\\lib\\index.js"} {"metadata":{"emulator":{"name":"functions"},"message":"[runtime-status] [15840] Resolved module firebase-admin {\"declared\":true,\"installed\":true,\"version\":\"9.4.1\",\"resolution\":\"D:\\\\private\\\\Dev\\\\bao\\\\realtime\\\\functions\\\\node_modules\\\\firebase-admin\\\\lib\\\\index.js\"}"}}
[debug] [2020-11-29T09:43:35.193Z] [runtime-status] [15840] Resolved module firebase-functions {"declared":true,"installed":true,"version":"3.11.0","resolution":"D:\\private\\Dev\\bao\\realtime\\functions\\node_modules\\firebase-functions\\lib\\index.js"} {"metadata":{"emulator":{"name":"functions"},"message":"[runtime-status] [15840] Resolved module firebase-functions {\"declared\":true,\"installed\":true,\"version\":\"3.11.0\",\"resolution\":\"D:\\\\private\\\\Dev\\\\bao\\\\realtime\\\\functions\\\\node_modules\\\\firebase-functions\\\\lib\\\\index.js\"}"}}
[debug] [2020-11-29T09:43:35.193Z] [runtime-status] [15840] firebase-admin has been stubbed. {"adminResolution":{"declared":true,"installed":true,"version":"9.4.1","resolution":"D:\\private\\Dev\\bao\\realtime\\functions\\node_modules\\firebase-admin\\lib\\index.js"}} {"metadata":{"emulator":{"name":"functions"},"message":"[runtime-status] [15840] firebase-admin has been stubbed. {\"adminResolution\":{\"declared\":true,\"installed\":true,\"version\":\"9.4.1\",\"resolution\":\"D:\\\\private\\\\Dev\\\\bao\\\\realtime\\\\functions\\\\node_modules\\\\firebase-admin\\\\lib\\\\index.js\"}}"}}
[debug] [2020-11-29T09:43:35.274Z] [runtime-status] [15840] initializeApp(DEFAULT) {"databaseURL":"https://realtime-demo-chart.firebaseio.com","storageBucket":"realtime-demo-chart.appspot.com","projectId":"realtime-demo-chart"} {"metadata":{"emulator":{"name":"functions"},"message":"[runtime-status] [15840] initializeApp(DEFAULT) {\"databaseURL\":\"https://realtime-demo-chart.firebaseio.com\",\"storageBucket\":\"realtime-demo-chart.appspot.com\",\"projectId\":\"realtime-demo-chart\"}"}}
[debug] [2020-11-29T09:43:35.459Z] [worker-~diagnostic~-2dd407a7-c4ad-4af0-9581-697f5c593dec]: IDLE {"metadata":{"emulator":{"name":"functions"},"message":"[worker-~diagnostic~-2dd407a7-c4ad-4af0-9581-697f5c593dec]: IDLE"}}
[debug] [2020-11-29T11:33:58.104Z] [worker-~diagnostic~-2dd407a7-c4ad-4af0-9581-697f5c593dec]: exited {"metadata":{"emulator":{"name":"functions"},"message":"[worker-~diagnostic~-2dd407a7-c4ad-4af0-9581-697f5c593dec]: exited"}}
